<?xml version="1.0" encoding="UTF-8"?>
<coverage generated="1658420984465" clover="3.2.0">
  <project timestamp="1658420984465" name="All files">
    <metrics statements="38" coveredstatements="20" conditionals="5" coveredconditionals="0" methods="13" coveredmethods="4" elements="56" coveredelements="24" complexity="0" loc="38" ncloc="38" packages="3" files="4" classes="4"/>
    <package name="Assets">
      <metrics statements="8" coveredstatements="3" conditionals="5" coveredconditionals="0" methods="4" coveredmethods="2"/>
      <file name="cloudinaryUploadWidget.jsx" path="/Users/kesang/Desktop/HackReactor/FEC/Atelier/client/src/Assets/cloudinaryUploadWidget.jsx">
        <metrics statements="8" coveredstatements="3" conditionals="5" coveredconditionals="0" methods="4" coveredmethods="2"/>
        <line num="7" count="1" type="stmt"/>
        <line num="9" count="1" type="stmt"/>
        <line num="15" count="0" type="cond" truecount="0" falsecount="5"/>
        <line num="16" count="0" type="stmt"/>
        <line num="17" count="0" type="stmt"/>
        <line num="21" count="0" type="stmt"/>
        <line num="24" count="0" type="stmt"/>
        <line num="30" count="1" type="stmt"/>
      </file>
    </package>
    <package name="Components.Q&A.Forms">
      <metrics statements="24" coveredstatements="11" conditionals="0" coveredconditionals="0" methods="9" coveredmethods="2"/>
      <file name="addAnswer.jsx" path="/Users/kesang/Desktop/HackReactor/FEC/Atelier/client/src/Components/Q&A/Forms/addAnswer.jsx">
        <metrics statements="14" coveredstatements="7" conditionals="0" coveredconditionals="0" methods="5" coveredmethods="1"/>
        <line num="6" count="1" type="stmt"/>
        <line num="8" count="1" type="stmt"/>
        <line num="15" count="1" type="stmt"/>
        <line num="16" count="1" type="stmt"/>
        <line num="18" count="1" type="stmt"/>
        <line num="19" count="0" type="stmt"/>
        <line num="20" count="0" type="stmt"/>
        <line num="21" count="0" type="stmt"/>
        <line num="27" count="1" type="stmt"/>
        <line num="28" count="0" type="stmt"/>
        <line num="32" count="0" type="stmt"/>
        <line num="33" count="0" type="stmt"/>
        <line num="34" count="0" type="stmt"/>
        <line num="37" count="1" type="stmt"/>
      </file>
      <file name="questionform.jsx" path="/Users/kesang/Desktop/HackReactor/FEC/Atelier/client/src/Components/Q&A/Forms/questionform.jsx">
        <metrics statements="10" coveredstatements="4" conditionals="0" coveredconditionals="0" methods="4" coveredmethods="1"/>
        <line num="7" count="1" type="stmt"/>
        <line num="12" count="1" type="stmt"/>
        <line num="14" count="1" type="stmt"/>
        <line num="15" count="0" type="stmt"/>
        <line num="16" count="0" type="stmt"/>
        <line num="23" count="0" type="stmt"/>
        <line num="24" count="0" type="stmt"/>
        <line num="25" count="0" type="stmt"/>
        <line num="28" count="1" type="stmt"/>
        <line num="55" count="0" type="stmt"/>
      </file>
    </package>
    <package name="Components.Styles.Q&A">
      <metrics statements="6" coveredstatements="6" conditionals="0" coveredconditionals="0" methods="0" coveredmethods="0"/>
      <file name="form.styled.js" path="/Users/kesang/Desktop/HackReactor/FEC/Atelier/client/src/Components/Styles/Q&A/form.styled.js">
        <metrics statements="6" coveredstatements="6" conditionals="0" coveredconditionals="0" methods="0" coveredmethods="0"/>
        <line num="3" count="1" type="stmt"/>
        <line num="52" count="1" type="stmt"/>
        <line num="59" count="1" type="stmt"/>
        <line num="64" count="1" type="stmt"/>
        <line num="79" count="1" type="stmt"/>
        <line num="85" count="1" type="stmt"/>
      </file>
    </package>
  </project>
</coverage>
