{"/Users/kesang/Desktop/HackReactor/FEC/Atelier/client/src/Assets/cloudinaryUploadWidget.jsx": {"path":"/Users/kesang/Desktop/HackReactor/FEC/Atelier/client/src/Assets/cloudinaryUploadWidget.jsx","statementMap":{"0":{"start":{"line":7,"column":2},"end":{"line":28,"column":9}},"1":{"start":{"line":9,"column":4},"end":{"line":20,"column":6}},"2":{"start":{"line":15,"column":8},"end":{"line":18,"column":9}},"3":{"start":{"line":16,"column":10},"end":{"line":16,"column":69}},"4":{"start":{"line":17,"column":10},"end":{"line":17,"column":39}},"5":{"start":{"line":21,"column":4},"end":{"line":27,"column":6}},"6":{"start":{"line":24,"column":8},"end":{"line":24,"column":24}},"7":{"start":{"line":30,"column":2},"end":{"line":34,"column":4}}},"fnMap":{"0":{"name":"CloudinaryUploadWidget","decl":{"start":{"line":3,"column":24},"end":{"line":3,"column":46}},"loc":{"start":{"line":3,"column":64},"end":{"line":35,"column":1}},"line":3},"1":{"name":"(anonymous_1)","decl":{"start":{"line":7,"column":12},"end":{"line":7,"column":13}},"loc":{"start":{"line":7,"column":18},"end":{"line":28,"column":3}},"line":7},"2":{"name":"(anonymous_2)","decl":{"start":{"line":14,"column":6},"end":{"line":14,"column":7}},"loc":{"start":{"line":14,"column":25},"end":{"line":19,"column":7}},"line":14},"3":{"name":"(anonymous_3)","decl":{"start":{"line":23,"column":6},"end":{"line":23,"column":7}},"loc":{"start":{"line":23,"column":12},"end":{"line":25,"column":7}},"line":23}},"branchMap":{"0":{"loc":{"start":{"line":15,"column":8},"end":{"line":18,"column":9}},"type":"if","locations":[{"start":{"line":15,"column":8},"end":{"line":18,"column":9}},{"start":{},"end":{}}],"line":15},"1":{"loc":{"start":{"line":15,"column":12},"end":{"line":15,"column":58}},"type":"binary-expr","locations":[{"start":{"line":15,"column":12},"end":{"line":15,"column":18}},{"start":{"line":15,"column":22},"end":{"line":15,"column":28}},{"start":{"line":15,"column":32},"end":{"line":15,"column":58}}],"line":15}},"s":{"0":1,"1":1,"2":0,"3":0,"4":0,"5":0,"6":0,"7":1},"f":{"0":1,"1":1,"2":0,"3":0},"b":{"0":[0,0],"1":[0,0,0]},"_coverageSchema":"1a1c01bbd47fc00a2c39e90264f33305004495a9","hash":"b2f9ec434212f98a4e738bce80205fda4f146952"}
,"/Users/kesang/Desktop/HackReactor/FEC/Atelier/client/src/Components/Q&A/Forms/addAnswer.jsx": {"path":"/Users/kesang/Desktop/HackReactor/FEC/Atelier/client/src/Components/Q&A/Forms/addAnswer.jsx","statementMap":{"0":{"start":{"line":6,"column":14},"end":{"line":6,"column":30}},"1":{"start":{"line":8,"column":22},"end":{"line":12,"column":1}},"2":{"start":{"line":15,"column":30},"end":{"line":15,"column":53}},"3":{"start":{"line":16,"column":30},"end":{"line":16,"column":42}},"4":{"start":{"line":18,"column":28},"end":{"line":25,"column":3}},"5":{"start":{"line":19,"column":28},"end":{"line":19,"column":36}},"6":{"start":{"line":20,"column":4},"end":{"line":20,"column":48}},"7":{"start":{"line":21,"column":4},"end":{"line":24,"column":7}},"8":{"start":{"line":27,"column":22},"end":{"line":29,"column":3}},"9":{"start":{"line":28,"column":4},"end":{"line":28,"column":54}},"10":{"start":{"line":28,"column":30},"end":{"line":28,"column":52}},"11":{"start":{"line":32,"column":4},"end":{"line":32,"column":23}},"12":{"start":{"line":33,"column":17},"end":{"line":33,"column":46}},"13":{"start":{"line":34,"column":4},"end":{"line":34,"column":27}},"14":{"start":{"line":37,"column":2},"end":{"line":59,"column":4}}},"fnMap":{"0":{"name":"AddAnswer","decl":{"start":{"line":14,"column":24},"end":{"line":14,"column":33}},"loc":{"start":{"line":14,"column":56},"end":{"line":60,"column":1}},"line":14},"1":{"name":"(anonymous_1)","decl":{"start":{"line":18,"column":28},"end":{"line":18,"column":29}},"loc":{"start":{"line":18,"column":35},"end":{"line":25,"column":3}},"line":18},"2":{"name":"(anonymous_2)","decl":{"start":{"line":27,"column":22},"end":{"line":27,"column":23}},"loc":{"start":{"line":27,"column":33},"end":{"line":29,"column":3}},"line":27},"3":{"name":"(anonymous_3)","decl":{"start":{"line":28,"column":14},"end":{"line":28,"column":15}},"loc":{"start":{"line":28,"column":30},"end":{"line":28,"column":52}},"line":28},"4":{"name":"onSubmit","decl":{"start":{"line":31,"column":11},"end":{"line":31,"column":19}},"loc":{"start":{"line":31,"column":23},"end":{"line":35,"column":3}},"line":31}},"branchMap":{},"s":{"0":1,"1":1,"2":1,"3":1,"4":1,"5":0,"6":0,"7":0,"8":1,"9":0,"10":0,"11":0,"12":0,"13":0,"14":1},"f":{"0":1,"1":0,"2":0,"3":0,"4":0},"b":{},"_coverageSchema":"1a1c01bbd47fc00a2c39e90264f33305004495a9","hash":"62b94a7068475892d4cc4c08ab459fe266c89dff"}
,"/Users/kesang/Desktop/HackReactor/FEC/Atelier/client/src/Components/Q&A/Forms/questionform.jsx": {"path":"/Users/kesang/Desktop/HackReactor/FEC/Atelier/client/src/Components/Q&A/Forms/questionform.jsx","statementMap":{"0":{"start":{"line":7,"column":24},"end":{"line":11,"column":3}},"1":{"start":{"line":12,"column":30},"end":{"line":12,"column":53}},"2":{"start":{"line":14,"column":28},"end":{"line":20,"column":3}},"3":{"start":{"line":15,"column":28},"end":{"line":15,"column":36}},"4":{"start":{"line":16,"column":4},"end":{"line":19,"column":7}},"5":{"start":{"line":23,"column":4},"end":{"line":23,"column":23}},"6":{"start":{"line":24,"column":4},"end":{"line":24,"column":24}},"7":{"start":{"line":25,"column":4},"end":{"line":25,"column":29}},"8":{"start":{"line":28,"column":2},"end":{"line":58,"column":4}},"9":{"start":{"line":55,"column":58},"end":{"line":55,"column":77}}},"fnMap":{"0":{"name":"AddQuestion","decl":{"start":{"line":6,"column":24},"end":{"line":6,"column":35}},"loc":{"start":{"line":6,"column":58},"end":{"line":59,"column":1}},"line":6},"1":{"name":"(anonymous_1)","decl":{"start":{"line":14,"column":28},"end":{"line":14,"column":29}},"loc":{"start":{"line":14,"column":35},"end":{"line":20,"column":3}},"line":14},"2":{"name":"onSubmit","decl":{"start":{"line":22,"column":11},"end":{"line":22,"column":19}},"loc":{"start":{"line":22,"column":23},"end":{"line":26,"column":3}},"line":22},"3":{"name":"(anonymous_3)","decl":{"start":{"line":55,"column":52},"end":{"line":55,"column":53}},"loc":{"start":{"line":55,"column":58},"end":{"line":55,"column":77}},"line":55}},"branchMap":{},"s":{"0":1,"1":1,"2":1,"3":0,"4":0,"5":0,"6":0,"7":0,"8":1,"9":0},"f":{"0":1,"1":0,"2":0,"3":0},"b":{},"_coverageSchema":"1a1c01bbd47fc00a2c39e90264f33305004495a9","hash":"77d9e8feb1e54d4e23ff12bcd9854ebbab3017e5"}
,"/Users/kesang/Desktop/HackReactor/FEC/Atelier/client/src/Components/Styles/Q&A/form.styled.js": {"path":"/Users/kesang/Desktop/HackReactor/FEC/Atelier/client/src/Components/Styles/Q&A/form.styled.js","statementMap":{"0":{"start":{"line":3,"column":20},"end":{"line":50,"column":1}},"1":{"start":{"line":52,"column":20},"end":{"line":57,"column":1}},"2":{"start":{"line":59,"column":23},"end":{"line":62,"column":1}},"3":{"start":{"line":64,"column":28},"end":{"line":77,"column":1}},"4":{"start":{"line":79,"column":21},"end":{"line":83,"column":1}},"5":{"start":{"line":85,"column":23},"end":{"line":88,"column":1}}},"fnMap":{},"branchMap":{},"s":{"0":1,"1":1,"2":1,"3":1,"4":1,"5":1},"f":{},"b":{},"_coverageSchema":"1a1c01bbd47fc00a2c39e90264f33305004495a9","hash":"84b71fc57274350ff4b6b16e49db8e52bb0639b8"}
}
