TN:
SF:client/src/Assets/cloudinaryUploadWidget.jsx
FN:3,CloudinaryUploadWidget
FN:7,(anonymous_1)
FN:14,(anonymous_2)
FN:23,(anonymous_3)
FNF:4
FNH:2
FNDA:1,CloudinaryUploadWidget
FNDA:1,(anonymous_1)
FNDA:0,(anonymous_2)
FNDA:0,(anonymous_3)
DA:7,1
DA:9,1
DA:15,0
DA:16,0
DA:17,0
DA:21,0
DA:24,0
DA:30,1
LF:8
LH:3
BRDA:15,0,0,0
BRDA:15,0,1,0
BRDA:15,1,0,0
BRDA:15,1,1,0
BRDA:15,1,2,0
BRF:5
BRH:0
end_of_record
TN:
SF:client/src/Components/Q&A/Forms/addAnswer.jsx
FN:14,AddAnswer
FN:18,(anonymous_1)
FN:27,(anonymous_2)
FN:28,(anonymous_3)
FN:31,onSubmit
FNF:5
FNH:1
FNDA:1,AddAnswer
FNDA:0,(anonymous_1)
FNDA:0,(anonymous_2)
FNDA:0,(anonymous_3)
FNDA:0,onSubmit
DA:6,1
DA:8,1
DA:15,1
DA:16,1
DA:18,1
DA:19,0
DA:20,0
DA:21,0
DA:27,1
DA:28,0
DA:32,0
DA:33,0
DA:34,0
DA:37,1
LF:14
LH:7
BRF:0
BRH:0
end_of_record
TN:
SF:client/src/Components/Q&A/Forms/questionform.jsx
FN:6,AddQuestion
FN:14,(anonymous_1)
FN:22,onSubmit
FN:55,(anonymous_3)
FNF:4
FNH:1
FNDA:1,AddQuestion
FNDA:0,(anonymous_1)
FNDA:0,onSubmit
FNDA:0,(anonymous_3)
DA:7,1
DA:12,1
DA:14,1
DA:15,0
DA:16,0
DA:23,0
DA:24,0
DA:25,0
DA:28,1
DA:55,0
LF:10
LH:4
BRF:0
BRH:0
end_of_record
TN:
SF:client/src/Components/Styles/Q&A/form.styled.js
FNF:0
FNH:0
DA:3,1
DA:52,1
DA:59,1
DA:64,1
DA:79,1
DA:85,1
LF:6
LH:6
BRF:0
BRH:0
end_of_record
